sept. 25, 2024 12:03:07 PM com.intooitus.memoria.importer.recoder.ModelConstructor enteringNode
PLUS PRÉCIS: THROW
java.lang.NullPointerException
	at com.intooitus.memoria.importer.recoder.MethodDeclarationListener.enterModelComponent(MethodDeclarationListener.java:56)
	at com.intooitus.memoria.importer.recoder.ModelConstructor.enteringNode(ModelConstructor.java:72)
	at recoder.convenience.ASTIterator.recurse(ASTIterator.java:87)
	at recoder.convenience.ASTIterator.recurse(ASTIterator.java:108)
	at recoder.convenience.ASTIterator.recurse(ASTIterator.java:108)
	at recoder.convenience.ASTIterator.iterate(ASTIterator.java:72)
	at com.intooitus.memoria.importer.recoder.JavaModelLoader.loadModelFromSources(JavaModelLoader.java:174)
	at com.intooitus.memoria.importer.AbstractModelLoader.loadModelFromCacheOrFromSources(AbstractModelLoader.java:52)
	at com.intooitus.memoria.importer.AbstractModelLoader.loadModel(AbstractModelLoader.java:44)
	at com.intooitus.memoria.importer.recoder.JavaModelLoader.<init>(JavaModelLoader.java:53)
	at com.intooitus.infusion.metamodel.MemoriaJavaModelBuilder.loadModel(MemoriaJavaModelBuilder.java:15)
	at com.intooitus.infusion.metamodel.MemoriaModelBuilder.buildModel(MemoriaModelBuilder.java:61)
	at com.intooitus.metameta.metamodel.MetaModel.<init>(MetaModel.java:39)
	at com.intooitus.metameta.metamodel.MetaModel.createFrom(MetaModel.java:22)
	at com.intooitus.infusion.gui.ui.browser.BrowserUI$1.run(BrowserUI.java:217)

sept. 25, 2024 12:03:07 PM com.intooitus.memoria.importer.recoder.ModelConstructor enteringNode
PLUS PRÉCIS: THROW
java.lang.NullPointerException
	at com.intooitus.memoria.importer.recoder.FieldSpecificationListener.enterModelComponent(FieldSpecificationListener.java:56)
	at com.intooitus.memoria.importer.recoder.ModelConstructor.enteringNode(ModelConstructor.java:72)
	at recoder.convenience.ASTIterator.recurse(ASTIterator.java:87)
	at recoder.convenience.ASTIterator.recurse(ASTIterator.java:108)
	at recoder.convenience.ASTIterator.recurse(ASTIterator.java:108)
	at recoder.convenience.ASTIterator.recurse(ASTIterator.java:108)
	at recoder.convenience.ASTIterator.iterate(ASTIterator.java:72)
	at com.intooitus.memoria.importer.recoder.JavaModelLoader.loadModelFromSources(JavaModelLoader.java:174)
	at com.intooitus.memoria.importer.AbstractModelLoader.loadModelFromCacheOrFromSources(AbstractModelLoader.java:52)
	at com.intooitus.memoria.importer.AbstractModelLoader.loadModel(AbstractModelLoader.java:44)
	at com.intooitus.memoria.importer.recoder.JavaModelLoader.<init>(JavaModelLoader.java:53)
	at com.intooitus.infusion.metamodel.MemoriaJavaModelBuilder.loadModel(MemoriaJavaModelBuilder.java:15)
	at com.intooitus.infusion.metamodel.MemoriaModelBuilder.buildModel(MemoriaModelBuilder.java:61)
	at com.intooitus.metameta.metamodel.MetaModel.<init>(MetaModel.java:39)
	at com.intooitus.metameta.metamodel.MetaModel.createFrom(MetaModel.java:22)
	at com.intooitus.infusion.gui.ui.browser.BrowserUI$1.run(BrowserUI.java:217)

sept. 25, 2024 12:03:07 PM com.intooitus.memoria.importer.recoder.ModelConstructor enteringNode
PLUS PRÉCIS: THROW
java.lang.NullPointerException
	at com.intooitus.memoria.importer.recoder.MethodDeclarationListener.enterModelComponent(MethodDeclarationListener.java:56)
	at com.intooitus.memoria.importer.recoder.ModelConstructor.enteringNode(ModelConstructor.java:72)
	at recoder.convenience.ASTIterator.recurse(ASTIterator.java:87)
	at recoder.convenience.ASTIterator.recurse(ASTIterator.java:108)
	at recoder.convenience.ASTIterator.recurse(ASTIterator.java:108)
	at recoder.convenience.ASTIterator.iterate(ASTIterator.java:72)
	at com.intooitus.memoria.importer.recoder.JavaModelLoader.loadModelFromSources(JavaModelLoader.java:174)
	at com.intooitus.memoria.importer.AbstractModelLoader.loadModelFromCacheOrFromSources(AbstractModelLoader.java:52)
	at com.intooitus.memoria.importer.AbstractModelLoader.loadModel(AbstractModelLoader.java:44)
	at com.intooitus.memoria.importer.recoder.JavaModelLoader.<init>(JavaModelLoader.java:53)
	at com.intooitus.infusion.metamodel.MemoriaJavaModelBuilder.loadModel(MemoriaJavaModelBuilder.java:15)
	at com.intooitus.infusion.metamodel.MemoriaModelBuilder.buildModel(MemoriaModelBuilder.java:61)
	at com.intooitus.metameta.metamodel.MetaModel.<init>(MetaModel.java:39)
	at com.intooitus.metameta.metamodel.MetaModel.createFrom(MetaModel.java:22)
	at com.intooitus.infusion.gui.ui.browser.BrowserUI$1.run(BrowserUI.java:217)

sept. 25, 2024 12:03:07 PM com.intooitus.memoria.importer.recoder.ModelConstructor enteringNode
PLUS PRÉCIS: THROW
java.lang.NullPointerException
	at com.intooitus.memoria.importer.recoder.DefaultModelRepository.addAccess(DefaultModelRepository.java:419)
	at com.intooitus.memoria.importer.recoder.VariableReferenceListener.enterModelComponent(VariableReferenceListener.java:38)
	at com.intooitus.memoria.importer.recoder.ModelConstructor.enteringNode(ModelConstructor.java:72)
	at recoder.convenience.ASTIterator.recurse(ASTIterator.java:87)
	at recoder.convenience.ASTIterator.recurse(ASTIterator.java:108)
	at recoder.convenience.ASTIterator.recurse(ASTIterator.java:108)
	at recoder.convenience.ASTIterator.recurse(ASTIterator.java:108)
	at recoder.convenience.ASTIterator.recurse(ASTIterator.java:108)
	at recoder.convenience.ASTIterator.recurse(ASTIterator.java:108)
	at recoder.convenience.ASTIterator.iterate(ASTIterator.java:72)
	at com.intooitus.memoria.importer.recoder.JavaModelLoader.loadModelFromSources(JavaModelLoader.java:174)
	at com.intooitus.memoria.importer.AbstractModelLoader.loadModelFromCacheOrFromSources(AbstractModelLoader.java:52)
	at com.intooitus.memoria.importer.AbstractModelLoader.loadModel(AbstractModelLoader.java:44)
	at com.intooitus.memoria.importer.recoder.JavaModelLoader.<init>(JavaModelLoader.java:53)
	at com.intooitus.infusion.metamodel.MemoriaJavaModelBuilder.loadModel(MemoriaJavaModelBuilder.java:15)
	at com.intooitus.infusion.metamodel.MemoriaModelBuilder.buildModel(MemoriaModelBuilder.java:61)
	at com.intooitus.metameta.metamodel.MetaModel.<init>(MetaModel.java:39)
	at com.intooitus.metameta.metamodel.MetaModel.createFrom(MetaModel.java:22)
	at com.intooitus.infusion.gui.ui.browser.BrowserUI$1.run(BrowserUI.java:217)

sept. 25, 2024 12:03:07 PM com.intooitus.memoria.importer.recoder.ModelConstructor enteringNode
PLUS PRÉCIS: THROW
java.lang.NullPointerException
	at com.intooitus.memoria.importer.recoder.FieldSpecificationListener.enterModelComponent(FieldSpecificationListener.java:56)
	at com.intooitus.memoria.importer.recoder.ModelConstructor.enteringNode(ModelConstructor.java:72)
	at recoder.convenience.ASTIterator.recurse(ASTIterator.java:87)
	at recoder.convenience.ASTIterator.recurse(ASTIterator.java:108)
	at recoder.convenience.ASTIterator.recurse(ASTIterator.java:108)
	at recoder.convenience.ASTIterator.recurse(ASTIterator.java:108)
	at recoder.convenience.ASTIterator.iterate(ASTIterator.java:72)
	at com.intooitus.memoria.importer.recoder.JavaModelLoader.loadModelFromSources(JavaModelLoader.java:174)
	at com.intooitus.memoria.importer.AbstractModelLoader.loadModelFromCacheOrFromSources(AbstractModelLoader.java:52)
	at com.intooitus.memoria.importer.AbstractModelLoader.loadModel(AbstractModelLoader.java:44)
	at com.intooitus.memoria.importer.recoder.JavaModelLoader.<init>(JavaModelLoader.java:53)
	at com.intooitus.infusion.metamodel.MemoriaJavaModelBuilder.loadModel(MemoriaJavaModelBuilder.java:15)
	at com.intooitus.infusion.metamodel.MemoriaModelBuilder.buildModel(MemoriaModelBuilder.java:61)
	at com.intooitus.metameta.metamodel.MetaModel.<init>(MetaModel.java:39)
	at com.intooitus.metameta.metamodel.MetaModel.createFrom(MetaModel.java:22)
	at com.intooitus.infusion.gui.ui.browser.BrowserUI$1.run(BrowserUI.java:217)

sept. 25, 2024 12:03:07 PM com.intooitus.memoria.importer.recoder.ModelConstructor enteringNode
PLUS PRÉCIS: THROW
java.lang.NullPointerException
	at com.intooitus.memoria.importer.recoder.FieldSpecificationListener.enterModelComponent(FieldSpecificationListener.java:56)
	at com.intooitus.memoria.importer.recoder.ModelConstructor.enteringNode(ModelConstructor.java:72)
	at recoder.convenience.ASTIterator.recurse(ASTIterator.java:87)
	at recoder.convenience.ASTIterator.recurse(ASTIterator.java:108)
	at recoder.convenience.ASTIterator.recurse(ASTIterator.java:108)
	at recoder.convenience.ASTIterator.recurse(ASTIterator.java:108)
	at recoder.convenience.ASTIterator.iterate(ASTIterator.java:72)
	at com.intooitus.memoria.importer.recoder.JavaModelLoader.loadModelFromSources(JavaModelLoader.java:174)
	at com.intooitus.memoria.importer.AbstractModelLoader.loadModelFromCacheOrFromSources(AbstractModelLoader.java:52)
	at com.intooitus.memoria.importer.AbstractModelLoader.loadModel(AbstractModelLoader.java:44)
	at com.intooitus.memoria.importer.recoder.JavaModelLoader.<init>(JavaModelLoader.java:53)
	at com.intooitus.infusion.metamodel.MemoriaJavaModelBuilder.loadModel(MemoriaJavaModelBuilder.java:15)
	at com.intooitus.infusion.metamodel.MemoriaModelBuilder.buildModel(MemoriaModelBuilder.java:61)
	at com.intooitus.metameta.metamodel.MetaModel.<init>(MetaModel.java:39)
	at com.intooitus.metameta.metamodel.MetaModel.createFrom(MetaModel.java:22)
	at com.intooitus.infusion.gui.ui.browser.BrowserUI$1.run(BrowserUI.java:217)

sept. 25, 2024 12:03:07 PM com.intooitus.memoria.importer.recoder.ModelConstructor enteringNode
PLUS PRÉCIS: THROW
java.lang.NullPointerException
	at com.intooitus.memoria.importer.recoder.FieldSpecificationListener.enterModelComponent(FieldSpecificationListener.java:56)
	at com.intooitus.memoria.importer.recoder.ModelConstructor.enteringNode(ModelConstructor.java:72)
	at recoder.convenience.ASTIterator.recurse(ASTIterator.java:87)
	at recoder.convenience.ASTIterator.recurse(ASTIterator.java:108)
	at recoder.convenience.ASTIterator.recurse(ASTIterator.java:108)
	at recoder.convenience.ASTIterator.recurse(ASTIterator.java:108)
	at recoder.convenience.ASTIterator.iterate(ASTIterator.java:72)
	at com.intooitus.memoria.importer.recoder.JavaModelLoader.loadModelFromSources(JavaModelLoader.java:174)
	at com.intooitus.memoria.importer.AbstractModelLoader.loadModelFromCacheOrFromSources(AbstractModelLoader.java:52)
	at com.intooitus.memoria.importer.AbstractModelLoader.loadModel(AbstractModelLoader.java:44)
	at com.intooitus.memoria.importer.recoder.JavaModelLoader.<init>(JavaModelLoader.java:53)
	at com.intooitus.infusion.metamodel.MemoriaJavaModelBuilder.loadModel(MemoriaJavaModelBuilder.java:15)
	at com.intooitus.infusion.metamodel.MemoriaModelBuilder.buildModel(MemoriaModelBuilder.java:61)
	at com.intooitus.metameta.metamodel.MetaModel.<init>(MetaModel.java:39)
	at com.intooitus.metameta.metamodel.MetaModel.createFrom(MetaModel.java:22)
	at com.intooitus.infusion.gui.ui.browser.BrowserUI$1.run(BrowserUI.java:217)

sept. 25, 2024 12:03:07 PM com.intooitus.memoria.importer.recoder.ModelConstructor enteringNode
PLUS PRÉCIS: THROW
java.lang.NullPointerException
	at com.intooitus.memoria.importer.recoder.FieldSpecificationListener.enterModelComponent(FieldSpecificationListener.java:56)
	at com.intooitus.memoria.importer.recoder.ModelConstructor.enteringNode(ModelConstructor.java:72)
	at recoder.convenience.ASTIterator.recurse(ASTIterator.java:87)
	at recoder.convenience.ASTIterator.recurse(ASTIterator.java:108)
	at recoder.convenience.ASTIterator.recurse(ASTIterator.java:108)
	at recoder.convenience.ASTIterator.recurse(ASTIterator.java:108)
	at recoder.convenience.ASTIterator.iterate(ASTIterator.java:72)
	at com.intooitus.memoria.importer.recoder.JavaModelLoader.loadModelFromSources(JavaModelLoader.java:174)
	at com.intooitus.memoria.importer.AbstractModelLoader.loadModelFromCacheOrFromSources(AbstractModelLoader.java:52)
	at com.intooitus.memoria.importer.AbstractModelLoader.loadModel(AbstractModelLoader.java:44)
	at com.intooitus.memoria.importer.recoder.JavaModelLoader.<init>(JavaModelLoader.java:53)
	at com.intooitus.infusion.metamodel.MemoriaJavaModelBuilder.loadModel(MemoriaJavaModelBuilder.java:15)
	at com.intooitus.infusion.metamodel.MemoriaModelBuilder.buildModel(MemoriaModelBuilder.java:61)
	at com.intooitus.metameta.metamodel.MetaModel.<init>(MetaModel.java:39)
	at com.intooitus.metameta.metamodel.MetaModel.createFrom(MetaModel.java:22)
	at com.intooitus.infusion.gui.ui.browser.BrowserUI$1.run(BrowserUI.java:217)

sept. 25, 2024 12:03:07 PM com.intooitus.memoria.importer.recoder.ModelConstructor enteringNode
PLUS PRÉCIS: THROW
java.lang.NullPointerException
	at com.intooitus.memoria.importer.recoder.FieldSpecificationListener.enterModelComponent(FieldSpecificationListener.java:56)
	at com.intooitus.memoria.importer.recoder.ModelConstructor.enteringNode(ModelConstructor.java:72)
	at recoder.convenience.ASTIterator.recurse(ASTIterator.java:87)
	at recoder.convenience.ASTIterator.recurse(ASTIterator.java:108)
	at recoder.convenience.ASTIterator.recurse(ASTIterator.java:108)
	at recoder.convenience.ASTIterator.recurse(ASTIterator.java:108)
	at recoder.convenience.ASTIterator.iterate(ASTIterator.java:72)
	at com.intooitus.memoria.importer.recoder.JavaModelLoader.loadModelFromSources(JavaModelLoader.java:174)
	at com.intooitus.memoria.importer.AbstractModelLoader.loadModelFromCacheOrFromSources(AbstractModelLoader.java:52)
	at com.intooitus.memoria.importer.AbstractModelLoader.loadModel(AbstractModelLoader.java:44)
	at com.intooitus.memoria.importer.recoder.JavaModelLoader.<init>(JavaModelLoader.java:53)
	at com.intooitus.infusion.metamodel.MemoriaJavaModelBuilder.loadModel(MemoriaJavaModelBuilder.java:15)
	at com.intooitus.infusion.metamodel.MemoriaModelBuilder.buildModel(MemoriaModelBuilder.java:61)
	at com.intooitus.metameta.metamodel.MetaModel.<init>(MetaModel.java:39)
	at com.intooitus.metameta.metamodel.MetaModel.createFrom(MetaModel.java:22)
	at com.intooitus.infusion.gui.ui.browser.BrowserUI$1.run(BrowserUI.java:217)

sept. 25, 2024 12:03:07 PM com.intooitus.memoria.importer.recoder.ModelConstructor enteringNode
PLUS PRÉCIS: THROW
java.lang.NullPointerException
	at com.intooitus.memoria.importer.recoder.MethodDeclarationListener.enterModelComponent(MethodDeclarationListener.java:56)
	at com.intooitus.memoria.importer.recoder.ModelConstructor.enteringNode(ModelConstructor.java:72)
	at recoder.convenience.ASTIterator.recurse(ASTIterator.java:87)
	at recoder.convenience.ASTIterator.recurse(ASTIterator.java:108)
	at recoder.convenience.ASTIterator.recurse(ASTIterator.java:108)
	at recoder.convenience.ASTIterator.iterate(ASTIterator.java:72)
	at com.intooitus.memoria.importer.recoder.JavaModelLoader.loadModelFromSources(JavaModelLoader.java:174)
	at com.intooitus.memoria.importer.AbstractModelLoader.loadModelFromCacheOrFromSources(AbstractModelLoader.java:52)
	at com.intooitus.memoria.importer.AbstractModelLoader.loadModel(AbstractModelLoader.java:44)
	at com.intooitus.memoria.importer.recoder.JavaModelLoader.<init>(JavaModelLoader.java:53)
	at com.intooitus.infusion.metamodel.MemoriaJavaModelBuilder.loadModel(MemoriaJavaModelBuilder.java:15)
	at com.intooitus.infusion.metamodel.MemoriaModelBuilder.buildModel(MemoriaModelBuilder.java:61)
	at com.intooitus.metameta.metamodel.MetaModel.<init>(MetaModel.java:39)
	at com.intooitus.metameta.metamodel.MetaModel.createFrom(MetaModel.java:22)
	at com.intooitus.infusion.gui.ui.browser.BrowserUI$1.run(BrowserUI.java:217)

sept. 25, 2024 12:03:07 PM com.intooitus.memoria.importer.recoder.ModelConstructor enteringNode
PLUS PRÉCIS: THROW
java.lang.NullPointerException
	at com.intooitus.memoria.importer.recoder.DefaultModelRepository.addAccess(DefaultModelRepository.java:419)
	at com.intooitus.memoria.importer.recoder.VariableReferenceListener.enterModelComponent(VariableReferenceListener.java:38)
	at com.intooitus.memoria.importer.recoder.ModelConstructor.enteringNode(ModelConstructor.java:72)
	at recoder.convenience.ASTIterator.recurse(ASTIterator.java:87)
	at recoder.convenience.ASTIterator.recurse(ASTIterator.java:108)
	at recoder.convenience.ASTIterator.recurse(ASTIterator.java:108)
	at recoder.convenience.ASTIterator.recurse(ASTIterator.java:108)
	at recoder.convenience.ASTIterator.recurse(ASTIterator.java:108)
	at recoder.convenience.ASTIterator.recurse(ASTIterator.java:108)
	at recoder.convenience.ASTIterator.iterate(ASTIterator.java:72)
	at com.intooitus.memoria.importer.recoder.JavaModelLoader.loadModelFromSources(JavaModelLoader.java:174)
	at com.intooitus.memoria.importer.AbstractModelLoader.loadModelFromCacheOrFromSources(AbstractModelLoader.java:52)
	at com.intooitus.memoria.importer.AbstractModelLoader.loadModel(AbstractModelLoader.java:44)
	at com.intooitus.memoria.importer.recoder.JavaModelLoader.<init>(JavaModelLoader.java:53)
	at com.intooitus.infusion.metamodel.MemoriaJavaModelBuilder.loadModel(MemoriaJavaModelBuilder.java:15)
	at com.intooitus.infusion.metamodel.MemoriaModelBuilder.buildModel(MemoriaModelBuilder.java:61)
	at com.intooitus.metameta.metamodel.MetaModel.<init>(MetaModel.java:39)
	at com.intooitus.metameta.metamodel.MetaModel.createFrom(MetaModel.java:22)
	at com.intooitus.infusion.gui.ui.browser.BrowserUI$1.run(BrowserUI.java:217)

sept. 25, 2024 12:03:07 PM com.intooitus.memoria.importer.recoder.ModelConstructor enteringNode
PLUS PRÉCIS: THROW
java.lang.NullPointerException
	at com.intooitus.memoria.importer.recoder.FieldSpecificationListener.enterModelComponent(FieldSpecificationListener.java:56)
	at com.intooitus.memoria.importer.recoder.ModelConstructor.enteringNode(ModelConstructor.java:72)
	at recoder.convenience.ASTIterator.recurse(ASTIterator.java:87)
	at recoder.convenience.ASTIterator.recurse(ASTIterator.java:108)
	at recoder.convenience.ASTIterator.recurse(ASTIterator.java:108)
	at recoder.convenience.ASTIterator.recurse(ASTIterator.java:108)
	at recoder.convenience.ASTIterator.iterate(ASTIterator.java:72)
	at com.intooitus.memoria.importer.recoder.JavaModelLoader.loadModelFromSources(JavaModelLoader.java:174)
	at com.intooitus.memoria.importer.AbstractModelLoader.loadModelFromCacheOrFromSources(AbstractModelLoader.java:52)
	at com.intooitus.memoria.importer.AbstractModelLoader.loadModel(AbstractModelLoader.java:44)
	at com.intooitus.memoria.importer.recoder.JavaModelLoader.<init>(JavaModelLoader.java:53)
	at com.intooitus.infusion.metamodel.MemoriaJavaModelBuilder.loadModel(MemoriaJavaModelBuilder.java:15)
	at com.intooitus.infusion.metamodel.MemoriaModelBuilder.buildModel(MemoriaModelBuilder.java:61)
	at com.intooitus.metameta.metamodel.MetaModel.<init>(MetaModel.java:39)
	at com.intooitus.metameta.metamodel.MetaModel.createFrom(MetaModel.java:22)
	at com.intooitus.infusion.gui.ui.browser.BrowserUI$1.run(BrowserUI.java:217)

sept. 25, 2024 12:03:07 PM com.intooitus.memoria.importer.recoder.ModelConstructor enteringNode
PLUS PRÉCIS: THROW
java.lang.NullPointerException
	at com.intooitus.memoria.importer.recoder.FieldSpecificationListener.enterModelComponent(FieldSpecificationListener.java:56)
	at com.intooitus.memoria.importer.recoder.ModelConstructor.enteringNode(ModelConstructor.java:72)
	at recoder.convenience.ASTIterator.recurse(ASTIterator.java:87)
	at recoder.convenience.ASTIterator.recurse(ASTIterator.java:108)
	at recoder.convenience.ASTIterator.recurse(ASTIterator.java:108)
	at recoder.convenience.ASTIterator.recurse(ASTIterator.java:108)
	at recoder.convenience.ASTIterator.iterate(ASTIterator.java:72)
	at com.intooitus.memoria.importer.recoder.JavaModelLoader.loadModelFromSources(JavaModelLoader.java:174)
	at com.intooitus.memoria.importer.AbstractModelLoader.loadModelFromCacheOrFromSources(AbstractModelLoader.java:52)
	at com.intooitus.memoria.importer.AbstractModelLoader.loadModel(AbstractModelLoader.java:44)
	at com.intooitus.memoria.importer.recoder.JavaModelLoader.<init>(JavaModelLoader.java:53)
	at com.intooitus.infusion.metamodel.MemoriaJavaModelBuilder.loadModel(MemoriaJavaModelBuilder.java:15)
	at com.intooitus.infusion.metamodel.MemoriaModelBuilder.buildModel(MemoriaModelBuilder.java:61)
	at com.intooitus.metameta.metamodel.MetaModel.<init>(MetaModel.java:39)
	at com.intooitus.metameta.metamodel.MetaModel.createFrom(MetaModel.java:22)
	at com.intooitus.infusion.gui.ui.browser.BrowserUI$1.run(BrowserUI.java:217)

sept. 25, 2024 12:03:07 PM com.intooitus.memoria.importer.recoder.ModelConstructor enteringNode
PLUS PRÉCIS: THROW
java.lang.NullPointerException
	at com.intooitus.memoria.importer.recoder.MethodDeclarationListener.enterModelComponent(MethodDeclarationListener.java:56)
	at com.intooitus.memoria.importer.recoder.ModelConstructor.enteringNode(ModelConstructor.java:72)
	at recoder.convenience.ASTIterator.recurse(ASTIterator.java:87)
	at recoder.convenience.ASTIterator.recurse(ASTIterator.java:108)
	at recoder.convenience.ASTIterator.recurse(ASTIterator.java:108)
	at recoder.convenience.ASTIterator.iterate(ASTIterator.java:72)
	at com.intooitus.memoria.importer.recoder.JavaModelLoader.loadModelFromSources(JavaModelLoader.java:174)
	at com.intooitus.memoria.importer.AbstractModelLoader.loadModelFromCacheOrFromSources(AbstractModelLoader.java:52)
	at com.intooitus.memoria.importer.AbstractModelLoader.loadModel(AbstractModelLoader.java:44)
	at com.intooitus.memoria.importer.recoder.JavaModelLoader.<init>(JavaModelLoader.java:53)
	at com.intooitus.infusion.metamodel.MemoriaJavaModelBuilder.loadModel(MemoriaJavaModelBuilder.java:15)
	at com.intooitus.infusion.metamodel.MemoriaModelBuilder.buildModel(MemoriaModelBuilder.java:61)
	at com.intooitus.metameta.metamodel.MetaModel.<init>(MetaModel.java:39)
	at com.intooitus.metameta.metamodel.MetaModel.createFrom(MetaModel.java:22)
	at com.intooitus.infusion.gui.ui.browser.BrowserUI$1.run(BrowserUI.java:217)

sept. 25, 2024 12:03:07 PM com.intooitus.memoria.importer.recoder.ModelConstructor enteringNode
PLUS PRÉCIS: THROW
java.lang.NullPointerException
	at com.intooitus.memoria.importer.recoder.VariableSpecificationListener.setLocalVarScope(VariableSpecificationListener.java:87)
	at com.intooitus.memoria.importer.recoder.VariableSpecificationListener.enterModelComponent(VariableSpecificationListener.java:67)
	at com.intooitus.memoria.importer.recoder.ModelConstructor.enteringNode(ModelConstructor.java:72)
	at recoder.convenience.ASTIterator.recurse(ASTIterator.java:87)
	at recoder.convenience.ASTIterator.recurse(ASTIterator.java:108)
	at recoder.convenience.ASTIterator.recurse(ASTIterator.java:108)
	at recoder.convenience.ASTIterator.recurse(ASTIterator.java:108)
	at recoder.convenience.ASTIterator.recurse(ASTIterator.java:108)
	at recoder.convenience.ASTIterator.recurse(ASTIterator.java:108)
	at recoder.convenience.ASTIterator.iterate(ASTIterator.java:72)
	at com.intooitus.memoria.importer.recoder.JavaModelLoader.loadModelFromSources(JavaModelLoader.java:174)
	at com.intooitus.memoria.importer.AbstractModelLoader.loadModelFromCacheOrFromSources(AbstractModelLoader.java:52)
	at com.intooitus.memoria.importer.AbstractModelLoader.loadModel(AbstractModelLoader.java:44)
	at com.intooitus.memoria.importer.recoder.JavaModelLoader.<init>(JavaModelLoader.java:53)
	at com.intooitus.infusion.metamodel.MemoriaJavaModelBuilder.loadModel(MemoriaJavaModelBuilder.java:15)
	at com.intooitus.infusion.metamodel.MemoriaModelBuilder.buildModel(MemoriaModelBuilder.java:61)
	at com.intooitus.metameta.metamodel.MetaModel.<init>(MetaModel.java:39)
	at com.intooitus.metameta.metamodel.MetaModel.createFrom(MetaModel.java:22)
	at com.intooitus.infusion.gui.ui.browser.BrowserUI$1.run(BrowserUI.java:217)

sept. 25, 2024 12:03:07 PM com.intooitus.memoria.importer.recoder.ModelConstructor enteringNode
PLUS PRÉCIS: THROW
java.lang.NullPointerException
	at com.intooitus.memoria.importer.recoder.VariableSpecificationListener.setLocalVarScope(VariableSpecificationListener.java:87)
	at com.intooitus.memoria.importer.recoder.VariableSpecificationListener.enterModelComponent(VariableSpecificationListener.java:67)
	at com.intooitus.memoria.importer.recoder.ModelConstructor.enteringNode(ModelConstructor.java:72)
	at recoder.convenience.ASTIterator.recurse(ASTIterator.java:87)
	at recoder.convenience.ASTIterator.recurse(ASTIterator.java:108)
	at recoder.convenience.ASTIterator.recurse(ASTIterator.java:108)
	at recoder.convenience.ASTIterator.recurse(ASTIterator.java:108)
	at recoder.convenience.ASTIterator.recurse(ASTIterator.java:108)
	at recoder.convenience.ASTIterator.recurse(ASTIterator.java:108)
	at recoder.convenience.ASTIterator.recurse(ASTIterator.java:108)
	at recoder.convenience.ASTIterator.iterate(ASTIterator.java:72)
	at com.intooitus.memoria.importer.recoder.JavaModelLoader.loadModelFromSources(JavaModelLoader.java:174)
	at com.intooitus.memoria.importer.AbstractModelLoader.loadModelFromCacheOrFromSources(AbstractModelLoader.java:52)
	at com.intooitus.memoria.importer.AbstractModelLoader.loadModel(AbstractModelLoader.java:44)
	at com.intooitus.memoria.importer.recoder.JavaModelLoader.<init>(JavaModelLoader.java:53)
	at com.intooitus.infusion.metamodel.MemoriaJavaModelBuilder.loadModel(MemoriaJavaModelBuilder.java:15)
	at com.intooitus.infusion.metamodel.MemoriaModelBuilder.buildModel(MemoriaModelBuilder.java:61)
	at com.intooitus.metameta.metamodel.MetaModel.<init>(MetaModel.java:39)
	at com.intooitus.metameta.metamodel.MetaModel.createFrom(MetaModel.java:22)
	at com.intooitus.infusion.gui.ui.browser.BrowserUI$1.run(BrowserUI.java:217)

sept. 25, 2024 12:03:07 PM com.intooitus.memoria.importer.recoder.ModelConstructor enteringNode
PLUS PRÉCIS: THROW
java.lang.NullPointerException
	at com.intooitus.memoria.importer.recoder.DefaultModelRepository.addAccess(DefaultModelRepository.java:419)
	at com.intooitus.memoria.importer.recoder.VariableReferenceListener.enterModelComponent(VariableReferenceListener.java:38)
	at com.intooitus.memoria.importer.recoder.ModelConstructor.enteringNode(ModelConstructor.java:72)
	at recoder.convenience.ASTIterator.recurse(ASTIterator.java:87)
	at recoder.convenience.ASTIterator.recurse(ASTIterator.java:108)
	at recoder.convenience.ASTIterator.recurse(ASTIterator.java:108)
	at recoder.convenience.ASTIterator.recurse(ASTIterator.java:108)
	at recoder.convenience.ASTIterator.recurse(ASTIterator.java:108)
	at recoder.convenience.ASTIterator.recurse(ASTIterator.java:108)
	at recoder.convenience.ASTIterator.recurse(ASTIterator.java:108)
	at recoder.convenience.ASTIterator.recurse(ASTIterator.java:108)
	at recoder.convenience.ASTIterator.recurse(ASTIterator.java:108)
	at recoder.convenience.ASTIterator.iterate(ASTIterator.java:72)
	at com.intooitus.memoria.importer.recoder.JavaModelLoader.loadModelFromSources(JavaModelLoader.java:174)
	at com.intooitus.memoria.importer.AbstractModelLoader.loadModelFromCacheOrFromSources(AbstractModelLoader.java:52)
	at com.intooitus.memoria.importer.AbstractModelLoader.loadModel(AbstractModelLoader.java:44)
	at com.intooitus.memoria.importer.recoder.JavaModelLoader.<init>(JavaModelLoader.java:53)
	at com.intooitus.infusion.metamodel.MemoriaJavaModelBuilder.loadModel(MemoriaJavaModelBuilder.java:15)
	at com.intooitus.infusion.metamodel.MemoriaModelBuilder.buildModel(MemoriaModelBuilder.java:61)
	at com.intooitus.metameta.metamodel.MetaModel.<init>(MetaModel.java:39)
	at com.intooitus.metameta.metamodel.MetaModel.createFrom(MetaModel.java:22)
	at com.intooitus.infusion.gui.ui.browser.BrowserUI$1.run(BrowserUI.java:217)

sept. 25, 2024 12:03:07 PM com.intooitus.memoria.importer.recoder.ModelConstructor enteringNode
PLUS PRÉCIS: THROW
java.lang.NullPointerException
	at com.intooitus.memoria.importer.recoder.DefaultModelRepository.addAccess(DefaultModelRepository.java:419)
	at com.intooitus.memoria.importer.recoder.VariableReferenceListener.enterModelComponent(VariableReferenceListener.java:38)
	at com.intooitus.memoria.importer.recoder.ModelConstructor.enteringNode(ModelConstructor.java:72)
	at recoder.convenience.ASTIterator.recurse(ASTIterator.java:87)
	at recoder.convenience.ASTIterator.recurse(ASTIterator.java:108)
	at recoder.convenience.ASTIterator.recurse(ASTIterator.java:108)
	at recoder.convenience.ASTIterator.recurse(ASTIterator.java:108)
	at recoder.convenience.ASTIterator.recurse(ASTIterator.java:108)
	at recoder.convenience.ASTIterator.recurse(ASTIterator.java:108)
	at recoder.convenience.ASTIterator.recurse(ASTIterator.java:108)
	at recoder.convenience.ASTIterator.recurse(ASTIterator.java:108)
	at recoder.convenience.ASTIterator.recurse(ASTIterator.java:108)
	at recoder.convenience.ASTIterator.recurse(ASTIterator.java:108)
	at recoder.convenience.ASTIterator.recurse(ASTIterator.java:108)
	at recoder.convenience.ASTIterator.iterate(ASTIterator.java:72)
	at com.intooitus.memoria.importer.recoder.JavaModelLoader.loadModelFromSources(JavaModelLoader.java:174)
	at com.intooitus.memoria.importer.AbstractModelLoader.loadModelFromCacheOrFromSources(AbstractModelLoader.java:52)
	at com.intooitus.memoria.importer.AbstractModelLoader.loadModel(AbstractModelLoader.java:44)
	at com.intooitus.memoria.importer.recoder.JavaModelLoader.<init>(JavaModelLoader.java:53)
	at com.intooitus.infusion.metamodel.MemoriaJavaModelBuilder.loadModel(MemoriaJavaModelBuilder.java:15)
	at com.intooitus.infusion.metamodel.MemoriaModelBuilder.buildModel(MemoriaModelBuilder.java:61)
	at com.intooitus.metameta.metamodel.MetaModel.<init>(MetaModel.java:39)
	at com.intooitus.metameta.metamodel.MetaModel.createFrom(MetaModel.java:22)
	at com.intooitus.infusion.gui.ui.browser.BrowserUI$1.run(BrowserUI.java:217)

sept. 25, 2024 12:03:07 PM com.intooitus.memoria.importer.recoder.ModelConstructor enteringNode
PLUS PRÉCIS: THROW
java.lang.NullPointerException
	at com.intooitus.memoria.importer.recoder.FieldSpecificationListener.enterModelComponent(FieldSpecificationListener.java:56)
	at com.intooitus.memoria.importer.recoder.ModelConstructor.enteringNode(ModelConstructor.java:72)
	at recoder.convenience.ASTIterator.recurse(ASTIterator.java:87)
	at recoder.convenience.ASTIterator.recurse(ASTIterator.java:108)
	at recoder.convenience.ASTIterator.recurse(ASTIterator.java:108)
	at recoder.convenience.ASTIterator.recurse(ASTIterator.java:108)
	at recoder.convenience.ASTIterator.iterate(ASTIterator.java:72)
	at com.intooitus.memoria.importer.recoder.JavaModelLoader.loadModelFromSources(JavaModelLoader.java:174)
	at com.intooitus.memoria.importer.AbstractModelLoader.loadModelFromCacheOrFromSources(AbstractModelLoader.java:52)
	at com.intooitus.memoria.importer.AbstractModelLoader.loadModel(AbstractModelLoader.java:44)
	at com.intooitus.memoria.importer.recoder.JavaModelLoader.<init>(JavaModelLoader.java:53)
	at com.intooitus.infusion.metamodel.MemoriaJavaModelBuilder.loadModel(MemoriaJavaModelBuilder.java:15)
	at com.intooitus.infusion.metamodel.MemoriaModelBuilder.buildModel(MemoriaModelBuilder.java:61)
	at com.intooitus.metameta.metamodel.MetaModel.<init>(MetaModel.java:39)
	at com.intooitus.metameta.metamodel.MetaModel.createFrom(MetaModel.java:22)
	at com.intooitus.infusion.gui.ui.browser.BrowserUI$1.run(BrowserUI.java:217)

sept. 25, 2024 12:03:07 PM com.intooitus.memoria.importer.recoder.ModelConstructor enteringNode
PLUS PRÉCIS: THROW
java.lang.NullPointerException
	at com.intooitus.memoria.importer.recoder.MethodDeclarationListener.enterModelComponent(MethodDeclarationListener.java:56)
	at com.intooitus.memoria.importer.recoder.ModelConstructor.enteringNode(ModelConstructor.java:72)
	at recoder.convenience.ASTIterator.recurse(ASTIterator.java:87)
	at recoder.convenience.ASTIterator.recurse(ASTIterator.java:108)
	at recoder.convenience.ASTIterator.recurse(ASTIterator.java:108)
	at recoder.convenience.ASTIterator.iterate(ASTIterator.java:72)
	at com.intooitus.memoria.importer.recoder.JavaModelLoader.loadModelFromSources(JavaModelLoader.java:174)
	at com.intooitus.memoria.importer.AbstractModelLoader.loadModelFromCacheOrFromSources(AbstractModelLoader.java:52)
	at com.intooitus.memoria.importer.AbstractModelLoader.loadModel(AbstractModelLoader.java:44)
	at com.intooitus.memoria.importer.recoder.JavaModelLoader.<init>(JavaModelLoader.java:53)
	at com.intooitus.infusion.metamodel.MemoriaJavaModelBuilder.loadModel(MemoriaJavaModelBuilder.java:15)
	at com.intooitus.infusion.metamodel.MemoriaModelBuilder.buildModel(MemoriaModelBuilder.java:61)
	at com.intooitus.metameta.metamodel.MetaModel.<init>(MetaModel.java:39)
	at com.intooitus.metameta.metamodel.MetaModel.createFrom(MetaModel.java:22)
	at com.intooitus.infusion.gui.ui.browser.BrowserUI$1.run(BrowserUI.java:217)

sept. 25, 2024 12:03:07 PM com.intooitus.memoria.importer.recoder.ModelConstructor enteringNode
PLUS PRÉCIS: THROW
java.lang.NullPointerException
	at com.intooitus.memoria.importer.recoder.DefaultModelRepository.addAccess(DefaultModelRepository.java:419)
	at com.intooitus.memoria.importer.recoder.VariableReferenceListener.enterModelComponent(VariableReferenceListener.java:38)
	at com.intooitus.memoria.importer.recoder.ModelConstructor.enteringNode(ModelConstructor.java:72)
	at recoder.convenience.ASTIterator.recurse(ASTIterator.java:87)
	at recoder.convenience.ASTIterator.recurse(ASTIterator.java:108)
	at recoder.convenience.ASTIterator.recurse(ASTIterator.java:108)
	at recoder.convenience.ASTIterator.recurse(ASTIterator.java:108)
	at recoder.convenience.ASTIterator.recurse(ASTIterator.java:108)
	at recoder.convenience.ASTIterator.recurse(ASTIterator.java:108)
	at recoder.convenience.ASTIterator.iterate(ASTIterator.java:72)
	at com.intooitus.memoria.importer.recoder.JavaModelLoader.loadModelFromSources(JavaModelLoader.java:174)
	at com.intooitus.memoria.importer.AbstractModelLoader.loadModelFromCacheOrFromSources(AbstractModelLoader.java:52)
	at com.intooitus.memoria.importer.AbstractModelLoader.loadModel(AbstractModelLoader.java:44)
	at com.intooitus.memoria.importer.recoder.JavaModelLoader.<init>(JavaModelLoader.java:53)
	at com.intooitus.infusion.metamodel.MemoriaJavaModelBuilder.loadModel(MemoriaJavaModelBuilder.java:15)
	at com.intooitus.infusion.metamodel.MemoriaModelBuilder.buildModel(MemoriaModelBuilder.java:61)
	at com.intooitus.metameta.metamodel.MetaModel.<init>(MetaModel.java:39)
	at com.intooitus.metameta.metamodel.MetaModel.createFrom(MetaModel.java:22)
	at com.intooitus.infusion.gui.ui.browser.BrowserUI$1.run(BrowserUI.java:217)

sept. 25, 2024 12:03:07 PM com.intooitus.memoria.importer.recoder.ModelConstructor enteringNode
PLUS PRÉCIS: THROW
java.lang.NullPointerException
	at com.intooitus.memoria.importer.recoder.MethodDeclarationListener.enterModelComponent(MethodDeclarationListener.java:56)
	at com.intooitus.memoria.importer.recoder.ModelConstructor.enteringNode(ModelConstructor.java:72)
	at recoder.convenience.ASTIterator.recurse(ASTIterator.java:87)
	at recoder.convenience.ASTIterator.recurse(ASTIterator.java:108)
	at recoder.convenience.ASTIterator.recurse(ASTIterator.java:108)
	at recoder.convenience.ASTIterator.iterate(ASTIterator.java:72)
	at com.intooitus.memoria.importer.recoder.JavaModelLoader.loadModelFromSources(JavaModelLoader.java:174)
	at com.intooitus.memoria.importer.AbstractModelLoader.loadModelFromCacheOrFromSources(AbstractModelLoader.java:52)
	at com.intooitus.memoria.importer.AbstractModelLoader.loadModel(AbstractModelLoader.java:44)
	at com.intooitus.memoria.importer.recoder.JavaModelLoader.<init>(JavaModelLoader.java:53)
	at com.intooitus.infusion.metamodel.MemoriaJavaModelBuilder.loadModel(MemoriaJavaModelBuilder.java:15)
	at com.intooitus.infusion.metamodel.MemoriaModelBuilder.buildModel(MemoriaModelBuilder.java:61)
	at com.intooitus.metameta.metamodel.MetaModel.<init>(MetaModel.java:39)
	at com.intooitus.metameta.metamodel.MetaModel.createFrom(MetaModel.java:22)
	at com.intooitus.infusion.gui.ui.browser.BrowserUI$1.run(BrowserUI.java:217)

sept. 25, 2024 12:03:07 PM com.intooitus.memoria.importer.recoder.ModelConstructor enteringNode
PLUS PRÉCIS: THROW
java.lang.NullPointerException
	at com.intooitus.memoria.importer.recoder.DefaultModelRepository.addAccess(DefaultModelRepository.java:419)
	at com.intooitus.memoria.importer.recoder.VariableReferenceListener.enterModelComponent(VariableReferenceListener.java:38)
	at com.intooitus.memoria.importer.recoder.ModelConstructor.enteringNode(ModelConstructor.java:72)
	at recoder.convenience.ASTIterator.recurse(ASTIterator.java:87)
	at recoder.convenience.ASTIterator.recurse(ASTIterator.java:108)
	at recoder.convenience.ASTIterator.recurse(ASTIterator.java:108)
	at recoder.convenience.ASTIterator.recurse(ASTIterator.java:108)
	at recoder.convenience.ASTIterator.recurse(ASTIterator.java:108)
	at recoder.convenience.ASTIterator.recurse(ASTIterator.java:108)
	at recoder.convenience.ASTIterator.recurse(ASTIterator.java:108)
	at recoder.convenience.ASTIterator.iterate(ASTIterator.java:72)
	at com.intooitus.memoria.importer.recoder.JavaModelLoader.loadModelFromSources(JavaModelLoader.java:174)
	at com.intooitus.memoria.importer.AbstractModelLoader.loadModelFromCacheOrFromSources(AbstractModelLoader.java:52)
	at com.intooitus.memoria.importer.AbstractModelLoader.loadModel(AbstractModelLoader.java:44)
	at com.intooitus.memoria.importer.recoder.JavaModelLoader.<init>(JavaModelLoader.java:53)
	at com.intooitus.infusion.metamodel.MemoriaJavaModelBuilder.loadModel(MemoriaJavaModelBuilder.java:15)
	at com.intooitus.infusion.metamodel.MemoriaModelBuilder.buildModel(MemoriaModelBuilder.java:61)
	at com.intooitus.metameta.metamodel.MetaModel.<init>(MetaModel.java:39)
	at com.intooitus.metameta.metamodel.MetaModel.createFrom(MetaModel.java:22)
	at com.intooitus.infusion.gui.ui.browser.BrowserUI$1.run(BrowserUI.java:217)

sept. 25, 2024 12:03:07 PM com.intooitus.memoria.importer.recoder.ModelConstructor enteringNode
PLUS PRÉCIS: THROW
java.lang.NullPointerException
	at com.intooitus.memoria.importer.recoder.MethodDeclarationListener.enterModelComponent(MethodDeclarationListener.java:56)
	at com.intooitus.memoria.importer.recoder.ModelConstructor.enteringNode(ModelConstructor.java:72)
	at recoder.convenience.ASTIterator.recurse(ASTIterator.java:87)
	at recoder.convenience.ASTIterator.recurse(ASTIterator.java:108)
	at recoder.convenience.ASTIterator.recurse(ASTIterator.java:108)
	at recoder.convenience.ASTIterator.iterate(ASTIterator.java:72)
	at com.intooitus.memoria.importer.recoder.JavaModelLoader.loadModelFromSources(JavaModelLoader.java:174)
	at com.intooitus.memoria.importer.AbstractModelLoader.loadModelFromCacheOrFromSources(AbstractModelLoader.java:52)
	at com.intooitus.memoria.importer.AbstractModelLoader.loadModel(AbstractModelLoader.java:44)
	at com.intooitus.memoria.importer.recoder.JavaModelLoader.<init>(JavaModelLoader.java:53)
	at com.intooitus.infusion.metamodel.MemoriaJavaModelBuilder.loadModel(MemoriaJavaModelBuilder.java:15)
	at com.intooitus.infusion.metamodel.MemoriaModelBuilder.buildModel(MemoriaModelBuilder.java:61)
	at com.intooitus.metameta.metamodel.MetaModel.<init>(MetaModel.java:39)
	at com.intooitus.metameta.metamodel.MetaModel.createFrom(MetaModel.java:22)
	at com.intooitus.infusion.gui.ui.browser.BrowserUI$1.run(BrowserUI.java:217)

sept. 25, 2024 12:03:07 PM com.intooitus.memoria.importer.recoder.ModelConstructor enteringNode
PLUS PRÉCIS: THROW
java.lang.NullPointerException
	at com.intooitus.memoria.importer.recoder.DefaultModelRepository.addAccess(DefaultModelRepository.java:419)
	at com.intooitus.memoria.importer.recoder.VariableReferenceListener.enterModelComponent(VariableReferenceListener.java:38)
	at com.intooitus.memoria.importer.recoder.ModelConstructor.enteringNode(ModelConstructor.java:72)
	at recoder.convenience.ASTIterator.recurse(ASTIterator.java:87)
	at recoder.convenience.ASTIterator.recurse(ASTIterator.java:108)
	at recoder.convenience.ASTIterator.recurse(ASTIterator.java:108)
	at recoder.convenience.ASTIterator.recurse(ASTIterator.java:108)
	at recoder.convenience.ASTIterator.recurse(ASTIterator.java:108)
	at recoder.convenience.ASTIterator.recurse(ASTIterator.java:108)
	at recoder.convenience.ASTIterator.recurse(ASTIterator.java:108)
	at recoder.convenience.ASTIterator.iterate(ASTIterator.java:72)
	at com.intooitus.memoria.importer.recoder.JavaModelLoader.loadModelFromSources(JavaModelLoader.java:174)
	at com.intooitus.memoria.importer.AbstractModelLoader.loadModelFromCacheOrFromSources(AbstractModelLoader.java:52)
	at com.intooitus.memoria.importer.AbstractModelLoader.loadModel(AbstractModelLoader.java:44)
	at com.intooitus.memoria.importer.recoder.JavaModelLoader.<init>(JavaModelLoader.java:53)
	at com.intooitus.infusion.metamodel.MemoriaJavaModelBuilder.loadModel(MemoriaJavaModelBuilder.java:15)
	at com.intooitus.infusion.metamodel.MemoriaModelBuilder.buildModel(MemoriaModelBuilder.java:61)
	at com.intooitus.metameta.metamodel.MetaModel.<init>(MetaModel.java:39)
	at com.intooitus.metameta.metamodel.MetaModel.createFrom(MetaModel.java:22)
	at com.intooitus.infusion.gui.ui.browser.BrowserUI$1.run(BrowserUI.java:217)

sept. 25, 2024 12:03:07 PM com.intooitus.memoria.importer.recoder.ParseLogger exit
INFOS: ---------------STATISTICS---------------
sept. 25, 2024 12:03:07 PM com.intooitus.memoria.importer.recoder.ParseLogger exit
INFOS: Total number of exceptions:25
